Linked: (/home/damien/SIR/ros-ws/devel/.private/transform_pose/share/gennodejs/ros/transform_pose/_index.js, /home/damien/SIR/ros-ws/devel/share/gennodejs/ros/transform_pose/_index.js)
Linked: (/home/damien/SIR/ros-ws/devel/.private/transform_pose/share/gennodejs/ros/transform_pose/srv/pose.js, /home/damien/SIR/ros-ws/devel/share/gennodejs/ros/transform_pose/srv/pose.js)
Linked: (/home/damien/SIR/ros-ws/devel/.private/transform_pose/share/gennodejs/ros/transform_pose/srv/_index.js, /home/damien/SIR/ros-ws/devel/share/gennodejs/ros/transform_pose/srv/_index.js)
Linked: (/home/damien/SIR/ros-ws/devel/.private/transform_pose/share/transform_pose/cmake/transform_poseConfig.cmake, /home/damien/SIR/ros-ws/devel/share/transform_pose/cmake/transform_poseConfig.cmake)
Linked: (/home/damien/SIR/ros-ws/devel/.private/transform_pose/share/transform_pose/cmake/transform_pose-msg-extras.cmake, /home/damien/SIR/ros-ws/devel/share/transform_pose/cmake/transform_pose-msg-extras.cmake)
Linked: (/home/damien/SIR/ros-ws/devel/.private/transform_pose/share/transform_pose/cmake/transform_poseConfig-version.cmake, /home/damien/SIR/ros-ws/devel/share/transform_pose/cmake/transform_poseConfig-version.cmake)
Linked: (/home/damien/SIR/ros-ws/devel/.private/transform_pose/share/transform_pose/cmake/transform_pose-msg-paths.cmake, /home/damien/SIR/ros-ws/devel/share/transform_pose/cmake/transform_pose-msg-paths.cmake)
Linked: (/home/damien/SIR/ros-ws/devel/.private/transform_pose/share/common-lisp/ros/transform_pose/srv/_package.lisp, /home/damien/SIR/ros-ws/devel/share/common-lisp/ros/transform_pose/srv/_package.lisp)
Linked: (/home/damien/SIR/ros-ws/devel/.private/transform_pose/share/common-lisp/ros/transform_pose/srv/transform_pose-srv.asd, /home/damien/SIR/ros-ws/devel/share/common-lisp/ros/transform_pose/srv/transform_pose-srv.asd)
Linked: (/home/damien/SIR/ros-ws/devel/.private/transform_pose/share/common-lisp/ros/transform_pose/srv/pose.lisp, /home/damien/SIR/ros-ws/devel/share/common-lisp/ros/transform_pose/srv/pose.lisp)
Linked: (/home/damien/SIR/ros-ws/devel/.private/transform_pose/share/common-lisp/ros/transform_pose/srv/_package_pose.lisp, /home/damien/SIR/ros-ws/devel/share/common-lisp/ros/transform_pose/srv/_package_pose.lisp)
Linked: (/home/damien/SIR/ros-ws/devel/.private/transform_pose/share/roseus/ros/transform_pose/manifest.l, /home/damien/SIR/ros-ws/devel/share/roseus/ros/transform_pose/manifest.l)
Linked: (/home/damien/SIR/ros-ws/devel/.private/transform_pose/share/roseus/ros/transform_pose/srv/pose.l, /home/damien/SIR/ros-ws/devel/share/roseus/ros/transform_pose/srv/pose.l)
Linked: (/home/damien/SIR/ros-ws/devel/.private/transform_pose/lib/pkgconfig/transform_pose.pc, /home/damien/SIR/ros-ws/devel/lib/pkgconfig/transform_pose.pc)
Linked: (/home/damien/SIR/ros-ws/devel/.private/transform_pose/lib/transform_pose/transform_pose_node, /home/damien/SIR/ros-ws/devel/lib/transform_pose/transform_pose_node)
Linked: (/home/damien/SIR/ros-ws/devel/.private/transform_pose/lib/python2.7/dist-packages/transform_pose/__init__.py, /home/damien/SIR/ros-ws/devel/lib/python2.7/dist-packages/transform_pose/__init__.py)
Linked: (/home/damien/SIR/ros-ws/devel/.private/transform_pose/lib/python2.7/dist-packages/transform_pose/srv/_pose.py, /home/damien/SIR/ros-ws/devel/lib/python2.7/dist-packages/transform_pose/srv/_pose.py)
Linked: (/home/damien/SIR/ros-ws/devel/.private/transform_pose/lib/python2.7/dist-packages/transform_pose/srv/__init__.py, /home/damien/SIR/ros-ws/devel/lib/python2.7/dist-packages/transform_pose/srv/__init__.py)
Linked: (/home/damien/SIR/ros-ws/devel/.private/transform_pose/include/transform_pose/poseRequest.h, /home/damien/SIR/ros-ws/devel/include/transform_pose/poseRequest.h)
Linked: (/home/damien/SIR/ros-ws/devel/.private/transform_pose/include/transform_pose/poseResponse.h, /home/damien/SIR/ros-ws/devel/include/transform_pose/poseResponse.h)
Linked: (/home/damien/SIR/ros-ws/devel/.private/transform_pose/include/transform_pose/pose.h, /home/damien/SIR/ros-ws/devel/include/transform_pose/pose.h)
