[  7%] Built target _turtle_bot_generate_messages_check_deps_ArenaPosition
[  7%] Built target _turtle_bot_generate_messages_check_deps_PanTilts
[  7%] Built target _turtle_bot_generate_messages_check_deps_Abort
[  7%] Built target _turtle_bot_generate_messages_check_deps_PanTilt
[  7%] Built target _turtle_bot_generate_messages_check_deps_ArenaPositions
[  7%] Built target geometry_msgs_generate_messages_cpp
[  7%] Built target std_msgs_generate_messages_cpp
[  7%] Built target _turtle_bot_generate_messages_check_deps_Mode
[  7%] Built target _turtle_bot_generate_messages_check_deps_Go
[  7%] Built target _turtle_bot_generate_messages_check_deps_Record
[  7%] Built target _turtle_bot_generate_messages_check_deps_Entities
[  7%] Built target std_srvs_generate_messages_cpp
[  7%] Built target _turtle_bot_generate_messages_check_deps_Entity
[  7%] Built target _turtle_bot_generate_messages_check_deps_Service1
[35m[1mScanning dependencies of target position_server[0m
[  7%] Built target _turtle_bot_generate_messages_check_deps_Axis
[  7%] [32mBuilding CXX object CMakeFiles/position_server.dir/src/position_server.cpp.o[0m
[  7%] Built target geometry_msgs_generate_messages_py
[  7%] Built target std_srvs_generate_messages_py
[  7%] Built target std_msgs_generate_messages_py
[  7%] Built target std_srvs_generate_messages_nodejs
[  7%] Built target std_msgs_generate_messages_nodejs
[  7%] Built target geometry_msgs_generate_messages_nodejs
[  7%] Built target geometry_msgs_generate_messages_lisp
[  7%] Built target std_msgs_generate_messages_lisp
[  7%] Built target std_srvs_generate_messages_lisp
[  7%] Built target std_srvs_generate_messages_eus
[  7%] Built target geometry_msgs_generate_messages_eus
[  7%] Built target std_msgs_generate_messages_eus
[  7%] Built target turtle_bot_generate_messages_cpp
[  7%] Built target turtle_bot_generate_messages_py
[  7%] Built target turtle_bot_generate_messages_nodejs
[  7%] Built target turtle_bot_generate_messages_lisp
[  7%] Built target turtle_bot_generate_messages_eus
[  7%] Built target share
[  7%] Built target positions
[  7%] Built target sampler
[  7%] Built target tracker
[  7%] Built target localize
[  7%] Built target move_axis
[  7%] Built target nav_points_bot
[  7%] Built target nav_to_goal
[  7%] Built target nav_points_sim
[  7%] Built target detect
[  7%] Built target gngt
[  7%] Built target turtle_bot_generate_messages
[  7%] [32m[1mLinking CXX executable /home/damien/SIR/ros-ws/devel/.private/turtle_bot/lib/turtle_bot/position_server[0m
[  7%] Built target position_server
