Linked: (/home/damien/SIR/ros-ws/devel/.private/turtle_bot/share/gennodejs/ros/turtle_bot/_index.js, /home/damien/SIR/ros-ws/devel/share/gennodejs/ros/turtle_bot/_index.js)
Linked: (/home/damien/SIR/ros-ws/devel/.private/turtle_bot/share/gennodejs/ros/turtle_bot/srv/Mode.js, /home/damien/SIR/ros-ws/devel/share/gennodejs/ros/turtle_bot/srv/Mode.js)
Linked: (/home/damien/SIR/ros-ws/devel/.private/turtle_bot/share/gennodejs/ros/turtle_bot/srv/Abort.js, /home/damien/SIR/ros-ws/devel/share/gennodejs/ros/turtle_bot/srv/Abort.js)
Linked: (/home/damien/SIR/ros-ws/devel/.private/turtle_bot/share/gennodejs/ros/turtle_bot/srv/Go.js, /home/damien/SIR/ros-ws/devel/share/gennodejs/ros/turtle_bot/srv/Go.js)
Linked: (/home/damien/SIR/ros-ws/devel/.private/turtle_bot/share/gennodejs/ros/turtle_bot/srv/Service1.js, /home/damien/SIR/ros-ws/devel/share/gennodejs/ros/turtle_bot/srv/Service1.js)
Linked: (/home/damien/SIR/ros-ws/devel/.private/turtle_bot/share/gennodejs/ros/turtle_bot/srv/Record.js, /home/damien/SIR/ros-ws/devel/share/gennodejs/ros/turtle_bot/srv/Record.js)
Linked: (/home/damien/SIR/ros-ws/devel/.private/turtle_bot/share/gennodejs/ros/turtle_bot/srv/_index.js, /home/damien/SIR/ros-ws/devel/share/gennodejs/ros/turtle_bot/srv/_index.js)
Linked: (/home/damien/SIR/ros-ws/devel/.private/turtle_bot/share/gennodejs/ros/turtle_bot/msg/ArenaPosition.js, /home/damien/SIR/ros-ws/devel/share/gennodejs/ros/turtle_bot/msg/ArenaPosition.js)
Linked: (/home/damien/SIR/ros-ws/devel/.private/turtle_bot/share/gennodejs/ros/turtle_bot/msg/PanTilt.js, /home/damien/SIR/ros-ws/devel/share/gennodejs/ros/turtle_bot/msg/PanTilt.js)
Linked: (/home/damien/SIR/ros-ws/devel/.private/turtle_bot/share/gennodejs/ros/turtle_bot/msg/PanTilts.js, /home/damien/SIR/ros-ws/devel/share/gennodejs/ros/turtle_bot/msg/PanTilts.js)
Linked: (/home/damien/SIR/ros-ws/devel/.private/turtle_bot/share/gennodejs/ros/turtle_bot/msg/Axis.js, /home/damien/SIR/ros-ws/devel/share/gennodejs/ros/turtle_bot/msg/Axis.js)
Linked: (/home/damien/SIR/ros-ws/devel/.private/turtle_bot/share/gennodejs/ros/turtle_bot/msg/ArenaPositions.js, /home/damien/SIR/ros-ws/devel/share/gennodejs/ros/turtle_bot/msg/ArenaPositions.js)
Linked: (/home/damien/SIR/ros-ws/devel/.private/turtle_bot/share/gennodejs/ros/turtle_bot/msg/Entities.js, /home/damien/SIR/ros-ws/devel/share/gennodejs/ros/turtle_bot/msg/Entities.js)
Linked: (/home/damien/SIR/ros-ws/devel/.private/turtle_bot/share/gennodejs/ros/turtle_bot/msg/Entity.js, /home/damien/SIR/ros-ws/devel/share/gennodejs/ros/turtle_bot/msg/Entity.js)
Linked: (/home/damien/SIR/ros-ws/devel/.private/turtle_bot/share/gennodejs/ros/turtle_bot/msg/_index.js, /home/damien/SIR/ros-ws/devel/share/gennodejs/ros/turtle_bot/msg/_index.js)
Linked: (/home/damien/SIR/ros-ws/devel/.private/turtle_bot/share/turtle_bot/cmake/turtle_bot-msg-paths.cmake, /home/damien/SIR/ros-ws/devel/share/turtle_bot/cmake/turtle_bot-msg-paths.cmake)
Linked: (/home/damien/SIR/ros-ws/devel/.private/turtle_bot/share/turtle_bot/cmake/turtle_botConfig-version.cmake, /home/damien/SIR/ros-ws/devel/share/turtle_bot/cmake/turtle_botConfig-version.cmake)
Linked: (/home/damien/SIR/ros-ws/devel/.private/turtle_bot/share/turtle_bot/cmake/turtle_botConfig.cmake, /home/damien/SIR/ros-ws/devel/share/turtle_bot/cmake/turtle_botConfig.cmake)
Linked: (/home/damien/SIR/ros-ws/devel/.private/turtle_bot/share/turtle_bot/cmake/turtle_bot-msg-extras.cmake, /home/damien/SIR/ros-ws/devel/share/turtle_bot/cmake/turtle_bot-msg-extras.cmake)
Linked: (/home/damien/SIR/ros-ws/devel/.private/turtle_bot/share/common-lisp/ros/turtle_bot/srv/_package_Record.lisp, /home/damien/SIR/ros-ws/devel/share/common-lisp/ros/turtle_bot/srv/_package_Record.lisp)
Linked: (/home/damien/SIR/ros-ws/devel/.private/turtle_bot/share/common-lisp/ros/turtle_bot/srv/Service1.lisp, /home/damien/SIR/ros-ws/devel/share/common-lisp/ros/turtle_bot/srv/Service1.lisp)
Linked: (/home/damien/SIR/ros-ws/devel/.private/turtle_bot/share/common-lisp/ros/turtle_bot/srv/_package.lisp, /home/damien/SIR/ros-ws/devel/share/common-lisp/ros/turtle_bot/srv/_package.lisp)
Linked: (/home/damien/SIR/ros-ws/devel/.private/turtle_bot/share/common-lisp/ros/turtle_bot/srv/turtle_bot-srv.asd, /home/damien/SIR/ros-ws/devel/share/common-lisp/ros/turtle_bot/srv/turtle_bot-srv.asd)
Linked: (/home/damien/SIR/ros-ws/devel/.private/turtle_bot/share/common-lisp/ros/turtle_bot/srv/Go.lisp, /home/damien/SIR/ros-ws/devel/share/common-lisp/ros/turtle_bot/srv/Go.lisp)
Linked: (/home/damien/SIR/ros-ws/devel/.private/turtle_bot/share/common-lisp/ros/turtle_bot/srv/_package_Abort.lisp, /home/damien/SIR/ros-ws/devel/share/common-lisp/ros/turtle_bot/srv/_package_Abort.lisp)
Linked: (/home/damien/SIR/ros-ws/devel/.private/turtle_bot/share/common-lisp/ros/turtle_bot/srv/_package_Go.lisp, /home/damien/SIR/ros-ws/devel/share/common-lisp/ros/turtle_bot/srv/_package_Go.lisp)
Linked: (/home/damien/SIR/ros-ws/devel/.private/turtle_bot/share/common-lisp/ros/turtle_bot/srv/Record.lisp, /home/damien/SIR/ros-ws/devel/share/common-lisp/ros/turtle_bot/srv/Record.lisp)
Linked: (/home/damien/SIR/ros-ws/devel/.private/turtle_bot/share/common-lisp/ros/turtle_bot/srv/Abort.lisp, /home/damien/SIR/ros-ws/devel/share/common-lisp/ros/turtle_bot/srv/Abort.lisp)
Linked: (/home/damien/SIR/ros-ws/devel/.private/turtle_bot/share/common-lisp/ros/turtle_bot/srv/_package_Mode.lisp, /home/damien/SIR/ros-ws/devel/share/common-lisp/ros/turtle_bot/srv/_package_Mode.lisp)
Linked: (/home/damien/SIR/ros-ws/devel/.private/turtle_bot/share/common-lisp/ros/turtle_bot/srv/Mode.lisp, /home/damien/SIR/ros-ws/devel/share/common-lisp/ros/turtle_bot/srv/Mode.lisp)
Linked: (/home/damien/SIR/ros-ws/devel/.private/turtle_bot/share/common-lisp/ros/turtle_bot/srv/_package_Service1.lisp, /home/damien/SIR/ros-ws/devel/share/common-lisp/ros/turtle_bot/srv/_package_Service1.lisp)
Linked: (/home/damien/SIR/ros-ws/devel/.private/turtle_bot/share/common-lisp/ros/turtle_bot/msg/ArenaPositions.lisp, /home/damien/SIR/ros-ws/devel/share/common-lisp/ros/turtle_bot/msg/ArenaPositions.lisp)
Linked: (/home/damien/SIR/ros-ws/devel/.private/turtle_bot/share/common-lisp/ros/turtle_bot/msg/PanTilts.lisp, /home/damien/SIR/ros-ws/devel/share/common-lisp/ros/turtle_bot/msg/PanTilts.lisp)
Linked: (/home/damien/SIR/ros-ws/devel/.private/turtle_bot/share/common-lisp/ros/turtle_bot/msg/_package.lisp, /home/damien/SIR/ros-ws/devel/share/common-lisp/ros/turtle_bot/msg/_package.lisp)
Linked: (/home/damien/SIR/ros-ws/devel/.private/turtle_bot/share/common-lisp/ros/turtle_bot/msg/Axis.lisp, /home/damien/SIR/ros-ws/devel/share/common-lisp/ros/turtle_bot/msg/Axis.lisp)
Linked: (/home/damien/SIR/ros-ws/devel/.private/turtle_bot/share/common-lisp/ros/turtle_bot/msg/_package_ArenaPosition.lisp, /home/damien/SIR/ros-ws/devel/share/common-lisp/ros/turtle_bot/msg/_package_ArenaPosition.lisp)
Linked: (/home/damien/SIR/ros-ws/devel/.private/turtle_bot/share/common-lisp/ros/turtle_bot/msg/_package_Axis.lisp, /home/damien/SIR/ros-ws/devel/share/common-lisp/ros/turtle_bot/msg/_package_Axis.lisp)
Linked: (/home/damien/SIR/ros-ws/devel/.private/turtle_bot/share/common-lisp/ros/turtle_bot/msg/PanTilt.lisp, /home/damien/SIR/ros-ws/devel/share/common-lisp/ros/turtle_bot/msg/PanTilt.lisp)
Linked: (/home/damien/SIR/ros-ws/devel/.private/turtle_bot/share/common-lisp/ros/turtle_bot/msg/turtle_bot-msg.asd, /home/damien/SIR/ros-ws/devel/share/common-lisp/ros/turtle_bot/msg/turtle_bot-msg.asd)
Linked: (/home/damien/SIR/ros-ws/devel/.private/turtle_bot/share/common-lisp/ros/turtle_bot/msg/_package_Entity.lisp, /home/damien/SIR/ros-ws/devel/share/common-lisp/ros/turtle_bot/msg/_package_Entity.lisp)
Linked: (/home/damien/SIR/ros-ws/devel/.private/turtle_bot/share/common-lisp/ros/turtle_bot/msg/_package_PanTilts.lisp, /home/damien/SIR/ros-ws/devel/share/common-lisp/ros/turtle_bot/msg/_package_PanTilts.lisp)
Linked: (/home/damien/SIR/ros-ws/devel/.private/turtle_bot/share/common-lisp/ros/turtle_bot/msg/Entity.lisp, /home/damien/SIR/ros-ws/devel/share/common-lisp/ros/turtle_bot/msg/Entity.lisp)
Linked: (/home/damien/SIR/ros-ws/devel/.private/turtle_bot/share/common-lisp/ros/turtle_bot/msg/_package_PanTilt.lisp, /home/damien/SIR/ros-ws/devel/share/common-lisp/ros/turtle_bot/msg/_package_PanTilt.lisp)
Linked: (/home/damien/SIR/ros-ws/devel/.private/turtle_bot/share/common-lisp/ros/turtle_bot/msg/ArenaPosition.lisp, /home/damien/SIR/ros-ws/devel/share/common-lisp/ros/turtle_bot/msg/ArenaPosition.lisp)
Linked: (/home/damien/SIR/ros-ws/devel/.private/turtle_bot/share/common-lisp/ros/turtle_bot/msg/_package_Entities.lisp, /home/damien/SIR/ros-ws/devel/share/common-lisp/ros/turtle_bot/msg/_package_Entities.lisp)
Linked: (/home/damien/SIR/ros-ws/devel/.private/turtle_bot/share/common-lisp/ros/turtle_bot/msg/Entities.lisp, /home/damien/SIR/ros-ws/devel/share/common-lisp/ros/turtle_bot/msg/Entities.lisp)
Linked: (/home/damien/SIR/ros-ws/devel/.private/turtle_bot/share/common-lisp/ros/turtle_bot/msg/_package_ArenaPositions.lisp, /home/damien/SIR/ros-ws/devel/share/common-lisp/ros/turtle_bot/msg/_package_ArenaPositions.lisp)
Linked: (/home/damien/SIR/ros-ws/devel/.private/turtle_bot/share/roseus/ros/turtle_bot/manifest.l, /home/damien/SIR/ros-ws/devel/share/roseus/ros/turtle_bot/manifest.l)
Linked: (/home/damien/SIR/ros-ws/devel/.private/turtle_bot/share/roseus/ros/turtle_bot/srv/Mode.l, /home/damien/SIR/ros-ws/devel/share/roseus/ros/turtle_bot/srv/Mode.l)
Linked: (/home/damien/SIR/ros-ws/devel/.private/turtle_bot/share/roseus/ros/turtle_bot/srv/Record.l, /home/damien/SIR/ros-ws/devel/share/roseus/ros/turtle_bot/srv/Record.l)
Linked: (/home/damien/SIR/ros-ws/devel/.private/turtle_bot/share/roseus/ros/turtle_bot/srv/Go.l, /home/damien/SIR/ros-ws/devel/share/roseus/ros/turtle_bot/srv/Go.l)
Linked: (/home/damien/SIR/ros-ws/devel/.private/turtle_bot/share/roseus/ros/turtle_bot/srv/Abort.l, /home/damien/SIR/ros-ws/devel/share/roseus/ros/turtle_bot/srv/Abort.l)
Linked: (/home/damien/SIR/ros-ws/devel/.private/turtle_bot/share/roseus/ros/turtle_bot/srv/Service1.l, /home/damien/SIR/ros-ws/devel/share/roseus/ros/turtle_bot/srv/Service1.l)
Linked: (/home/damien/SIR/ros-ws/devel/.private/turtle_bot/share/roseus/ros/turtle_bot/msg/PanTilts.l, /home/damien/SIR/ros-ws/devel/share/roseus/ros/turtle_bot/msg/PanTilts.l)
Linked: (/home/damien/SIR/ros-ws/devel/.private/turtle_bot/share/roseus/ros/turtle_bot/msg/PanTilt.l, /home/damien/SIR/ros-ws/devel/share/roseus/ros/turtle_bot/msg/PanTilt.l)
Linked: (/home/damien/SIR/ros-ws/devel/.private/turtle_bot/share/roseus/ros/turtle_bot/msg/ArenaPosition.l, /home/damien/SIR/ros-ws/devel/share/roseus/ros/turtle_bot/msg/ArenaPosition.l)
Linked: (/home/damien/SIR/ros-ws/devel/.private/turtle_bot/share/roseus/ros/turtle_bot/msg/Entities.l, /home/damien/SIR/ros-ws/devel/share/roseus/ros/turtle_bot/msg/Entities.l)
Linked: (/home/damien/SIR/ros-ws/devel/.private/turtle_bot/share/roseus/ros/turtle_bot/msg/Entity.l, /home/damien/SIR/ros-ws/devel/share/roseus/ros/turtle_bot/msg/Entity.l)
Linked: (/home/damien/SIR/ros-ws/devel/.private/turtle_bot/share/roseus/ros/turtle_bot/msg/ArenaPositions.l, /home/damien/SIR/ros-ws/devel/share/roseus/ros/turtle_bot/msg/ArenaPositions.l)
Linked: (/home/damien/SIR/ros-ws/devel/.private/turtle_bot/share/roseus/ros/turtle_bot/msg/Axis.l, /home/damien/SIR/ros-ws/devel/share/roseus/ros/turtle_bot/msg/Axis.l)
Linked: (/home/damien/SIR/ros-ws/devel/.private/turtle_bot/lib/pkgconfig/turtle_bot.pc, /home/damien/SIR/ros-ws/devel/lib/pkgconfig/turtle_bot.pc)
Linked: (/home/damien/SIR/ros-ws/devel/.private/turtle_bot/lib/turtle_bot/share, /home/damien/SIR/ros-ws/devel/lib/turtle_bot/share)
Linked: (/home/damien/SIR/ros-ws/devel/.private/turtle_bot/lib/turtle_bot/move_axis, /home/damien/SIR/ros-ws/devel/lib/turtle_bot/move_axis)
Linked: (/home/damien/SIR/ros-ws/devel/.private/turtle_bot/lib/turtle_bot/position_server, /home/damien/SIR/ros-ws/devel/lib/turtle_bot/position_server)
Linked: (/home/damien/SIR/ros-ws/devel/.private/turtle_bot/lib/turtle_bot/sampler, /home/damien/SIR/ros-ws/devel/lib/turtle_bot/sampler)
Linked: (/home/damien/SIR/ros-ws/devel/.private/turtle_bot/lib/turtle_bot/gngt, /home/damien/SIR/ros-ws/devel/lib/turtle_bot/gngt)
Symlinking /home/damien/SIR/ros-ws/devel/lib/turtle_bot/nav_points_sim
Linked: (/home/damien/SIR/ros-ws/devel/.private/turtle_bot/lib/turtle_bot/positions, /home/damien/SIR/ros-ws/devel/lib/turtle_bot/positions)
Linked: (/home/damien/SIR/ros-ws/devel/.private/turtle_bot/lib/turtle_bot/detect, /home/damien/SIR/ros-ws/devel/lib/turtle_bot/detect)
Linked: (/home/damien/SIR/ros-ws/devel/.private/turtle_bot/lib/turtle_bot/nav_to_goal, /home/damien/SIR/ros-ws/devel/lib/turtle_bot/nav_to_goal)
Linked: (/home/damien/SIR/ros-ws/devel/.private/turtle_bot/lib/turtle_bot/localize, /home/damien/SIR/ros-ws/devel/lib/turtle_bot/localize)
Symlinking /home/damien/SIR/ros-ws/devel/lib/turtle_bot/nav_points_bot
Linked: (/home/damien/SIR/ros-ws/devel/.private/turtle_bot/lib/turtle_bot/tracker, /home/damien/SIR/ros-ws/devel/lib/turtle_bot/tracker)
Linked: (/home/damien/SIR/ros-ws/devel/.private/turtle_bot/lib/turtle_bot/nav_points, /home/damien/SIR/ros-ws/devel/lib/turtle_bot/nav_points)
Linked: (/home/damien/SIR/ros-ws/devel/.private/turtle_bot/lib/python2.7/dist-packages/turtle_bot/__init__.py, /home/damien/SIR/ros-ws/devel/lib/python2.7/dist-packages/turtle_bot/__init__.py)
Linked: (/home/damien/SIR/ros-ws/devel/.private/turtle_bot/lib/python2.7/dist-packages/turtle_bot/srv/_Abort.py, /home/damien/SIR/ros-ws/devel/lib/python2.7/dist-packages/turtle_bot/srv/_Abort.py)
Linked: (/home/damien/SIR/ros-ws/devel/.private/turtle_bot/lib/python2.7/dist-packages/turtle_bot/srv/__init__.py, /home/damien/SIR/ros-ws/devel/lib/python2.7/dist-packages/turtle_bot/srv/__init__.py)
Linked: (/home/damien/SIR/ros-ws/devel/.private/turtle_bot/lib/python2.7/dist-packages/turtle_bot/srv/_Mode.py, /home/damien/SIR/ros-ws/devel/lib/python2.7/dist-packages/turtle_bot/srv/_Mode.py)
Linked: (/home/damien/SIR/ros-ws/devel/.private/turtle_bot/lib/python2.7/dist-packages/turtle_bot/srv/_Go.py, /home/damien/SIR/ros-ws/devel/lib/python2.7/dist-packages/turtle_bot/srv/_Go.py)
Linked: (/home/damien/SIR/ros-ws/devel/.private/turtle_bot/lib/python2.7/dist-packages/turtle_bot/srv/_Record.py, /home/damien/SIR/ros-ws/devel/lib/python2.7/dist-packages/turtle_bot/srv/_Record.py)
Linked: (/home/damien/SIR/ros-ws/devel/.private/turtle_bot/lib/python2.7/dist-packages/turtle_bot/srv/_Service1.py, /home/damien/SIR/ros-ws/devel/lib/python2.7/dist-packages/turtle_bot/srv/_Service1.py)
Linked: (/home/damien/SIR/ros-ws/devel/.private/turtle_bot/lib/python2.7/dist-packages/turtle_bot/msg/_Axis.py, /home/damien/SIR/ros-ws/devel/lib/python2.7/dist-packages/turtle_bot/msg/_Axis.py)
Linked: (/home/damien/SIR/ros-ws/devel/.private/turtle_bot/lib/python2.7/dist-packages/turtle_bot/msg/__init__.py, /home/damien/SIR/ros-ws/devel/lib/python2.7/dist-packages/turtle_bot/msg/__init__.py)
Linked: (/home/damien/SIR/ros-ws/devel/.private/turtle_bot/lib/python2.7/dist-packages/turtle_bot/msg/_PanTilts.py, /home/damien/SIR/ros-ws/devel/lib/python2.7/dist-packages/turtle_bot/msg/_PanTilts.py)
Linked: (/home/damien/SIR/ros-ws/devel/.private/turtle_bot/lib/python2.7/dist-packages/turtle_bot/msg/_PanTilt.py, /home/damien/SIR/ros-ws/devel/lib/python2.7/dist-packages/turtle_bot/msg/_PanTilt.py)
Linked: (/home/damien/SIR/ros-ws/devel/.private/turtle_bot/lib/python2.7/dist-packages/turtle_bot/msg/_Entities.py, /home/damien/SIR/ros-ws/devel/lib/python2.7/dist-packages/turtle_bot/msg/_Entities.py)
Linked: (/home/damien/SIR/ros-ws/devel/.private/turtle_bot/lib/python2.7/dist-packages/turtle_bot/msg/_ArenaPositions.py, /home/damien/SIR/ros-ws/devel/lib/python2.7/dist-packages/turtle_bot/msg/_ArenaPositions.py)
Linked: (/home/damien/SIR/ros-ws/devel/.private/turtle_bot/lib/python2.7/dist-packages/turtle_bot/msg/_ArenaPosition.py, /home/damien/SIR/ros-ws/devel/lib/python2.7/dist-packages/turtle_bot/msg/_ArenaPosition.py)
Linked: (/home/damien/SIR/ros-ws/devel/.private/turtle_bot/lib/python2.7/dist-packages/turtle_bot/msg/_Entity.py, /home/damien/SIR/ros-ws/devel/lib/python2.7/dist-packages/turtle_bot/msg/_Entity.py)
Linked: (/home/damien/SIR/ros-ws/devel/.private/turtle_bot/include/turtle_bot/Go.h, /home/damien/SIR/ros-ws/devel/include/turtle_bot/Go.h)
Linked: (/home/damien/SIR/ros-ws/devel/.private/turtle_bot/include/turtle_bot/Entities.h, /home/damien/SIR/ros-ws/devel/include/turtle_bot/Entities.h)
Linked: (/home/damien/SIR/ros-ws/devel/.private/turtle_bot/include/turtle_bot/Axis.h, /home/damien/SIR/ros-ws/devel/include/turtle_bot/Axis.h)
Linked: (/home/damien/SIR/ros-ws/devel/.private/turtle_bot/include/turtle_bot/GoRequest.h, /home/damien/SIR/ros-ws/devel/include/turtle_bot/GoRequest.h)
Linked: (/home/damien/SIR/ros-ws/devel/.private/turtle_bot/include/turtle_bot/Record.h, /home/damien/SIR/ros-ws/devel/include/turtle_bot/Record.h)
Linked: (/home/damien/SIR/ros-ws/devel/.private/turtle_bot/include/turtle_bot/Service1Response.h, /home/damien/SIR/ros-ws/devel/include/turtle_bot/Service1Response.h)
Linked: (/home/damien/SIR/ros-ws/devel/.private/turtle_bot/include/turtle_bot/Service1Request.h, /home/damien/SIR/ros-ws/devel/include/turtle_bot/Service1Request.h)
Linked: (/home/damien/SIR/ros-ws/devel/.private/turtle_bot/include/turtle_bot/RecordResponse.h, /home/damien/SIR/ros-ws/devel/include/turtle_bot/RecordResponse.h)
Linked: (/home/damien/SIR/ros-ws/devel/.private/turtle_bot/include/turtle_bot/ArenaPositions.h, /home/damien/SIR/ros-ws/devel/include/turtle_bot/ArenaPositions.h)
Linked: (/home/damien/SIR/ros-ws/devel/.private/turtle_bot/include/turtle_bot/PanTilt.h, /home/damien/SIR/ros-ws/devel/include/turtle_bot/PanTilt.h)
Linked: (/home/damien/SIR/ros-ws/devel/.private/turtle_bot/include/turtle_bot/Service1.h, /home/damien/SIR/ros-ws/devel/include/turtle_bot/Service1.h)
Linked: (/home/damien/SIR/ros-ws/devel/.private/turtle_bot/include/turtle_bot/GoResponse.h, /home/damien/SIR/ros-ws/devel/include/turtle_bot/GoResponse.h)
Linked: (/home/damien/SIR/ros-ws/devel/.private/turtle_bot/include/turtle_bot/AbortRequest.h, /home/damien/SIR/ros-ws/devel/include/turtle_bot/AbortRequest.h)
Linked: (/home/damien/SIR/ros-ws/devel/.private/turtle_bot/include/turtle_bot/Mode.h, /home/damien/SIR/ros-ws/devel/include/turtle_bot/Mode.h)
Linked: (/home/damien/SIR/ros-ws/devel/.private/turtle_bot/include/turtle_bot/ModeRequest.h, /home/damien/SIR/ros-ws/devel/include/turtle_bot/ModeRequest.h)
Linked: (/home/damien/SIR/ros-ws/devel/.private/turtle_bot/include/turtle_bot/PanTilts.h, /home/damien/SIR/ros-ws/devel/include/turtle_bot/PanTilts.h)
Linked: (/home/damien/SIR/ros-ws/devel/.private/turtle_bot/include/turtle_bot/AbortResponse.h, /home/damien/SIR/ros-ws/devel/include/turtle_bot/AbortResponse.h)
Linked: (/home/damien/SIR/ros-ws/devel/.private/turtle_bot/include/turtle_bot/Abort.h, /home/damien/SIR/ros-ws/devel/include/turtle_bot/Abort.h)
Linked: (/home/damien/SIR/ros-ws/devel/.private/turtle_bot/include/turtle_bot/RecordRequest.h, /home/damien/SIR/ros-ws/devel/include/turtle_bot/RecordRequest.h)
Linked: (/home/damien/SIR/ros-ws/devel/.private/turtle_bot/include/turtle_bot/ModeResponse.h, /home/damien/SIR/ros-ws/devel/include/turtle_bot/ModeResponse.h)
Linked: (/home/damien/SIR/ros-ws/devel/.private/turtle_bot/include/turtle_bot/Entity.h, /home/damien/SIR/ros-ws/devel/include/turtle_bot/Entity.h)
Linked: (/home/damien/SIR/ros-ws/devel/.private/turtle_bot/include/turtle_bot/ArenaPosition.h, /home/damien/SIR/ros-ws/devel/include/turtle_bot/ArenaPosition.h)
