Linked: (/home/damien/SIR/ros-ws/devel/.private/turtle_bot/share/gennodejs/ros/turtle_bot/_index.js, /home/damien/SIR/ros-ws/devel/share/gennodejs/ros/turtle_bot/_index.js)
Linked: (/home/damien/SIR/ros-ws/devel/.private/turtle_bot/share/gennodejs/ros/turtle_bot/srv/Mode.js, /home/damien/SIR/ros-ws/devel/share/gennodejs/ros/turtle_bot/srv/Mode.js)
Linked: (/home/damien/SIR/ros-ws/devel/.private/turtle_bot/share/gennodejs/ros/turtle_bot/srv/Abort.js, /home/damien/SIR/ros-ws/devel/share/gennodejs/ros/turtle_bot/srv/Abort.js)
Linked: (/home/damien/SIR/ros-ws/devel/.private/turtle_bot/share/gennodejs/ros/turtle_bot/srv/Go.js, /home/damien/SIR/ros-ws/devel/share/gennodejs/ros/turtle_bot/srv/Go.js)
Linked: (/home/damien/SIR/ros-ws/devel/.private/turtle_bot/share/gennodejs/ros/turtle_bot/srv/Service1.js, /home/damien/SIR/ros-ws/devel/share/gennodejs/ros/turtle_bot/srv/Service1.js)
Linked: (/home/damien/SIR/ros-ws/devel/.private/turtle_bot/share/gennodejs/ros/turtle_bot/srv/Record.js, /home/damien/SIR/ros-ws/devel/share/gennodejs/ros/turtle_bot/srv/Record.js)
Linked: (/home/damien/SIR/ros-ws/devel/.private/turtle_bot/share/gennodejs/ros/turtle_bot/srv/_index.js, /home/damien/SIR/ros-ws/devel/share/gennodejs/ros/turtle_bot/srv/_index.js)
Linked: (/home/damien/SIR/ros-ws/devel/.private/turtle_bot/share/gennodejs/ros/turtle_bot/msg/ArenaPosition.js, /home/damien/SIR/ros-ws/devel/share/gennodejs/ros/turtle_bot/msg/ArenaPosition.js)
Linked: (/home/damien/SIR/ros-ws/devel/.private/turtle_bot/share/gennodejs/ros/turtle_bot/msg/PanTilt.js, /home/damien/SIR/ros-ws/devel/share/gennodejs/ros/turtle_bot/msg/PanTilt.js)
Linked: (/home/damien/SIR/ros-ws/devel/.private/turtle_bot/share/gennodejs/ros/turtle_bot/msg/PanTilts.js, /home/damien/SIR/ros-ws/devel/share/gennodejs/ros/turtle_bot/msg/PanTilts.js)
Linked: (/home/damien/SIR/ros-ws/devel/.private/turtle_bot/share/gennodejs/ros/turtle_bot/msg/Axis.js, /home/damien/SIR/ros-ws/devel/share/gennodejs/ros/turtle_bot/msg/Axis.js)
Linked: (/home/damien/SIR/ros-ws/devel/.private/turtle_bot/share/gennodejs/ros/turtle_bot/msg/ArenaPositions.js, /home/damien/SIR/ros-ws/devel/share/gennodejs/ros/turtle_bot/msg/ArenaPositions.js)
Linked: (/home/damien/SIR/ros-ws/devel/.private/turtle_bot/share/gennodejs/ros/turtle_bot/msg/Entities.js, /home/damien/SIR/ros-ws/devel/share/gennodejs/ros/turtle_bot/msg/Entities.js)
Linked: (/home/damien/SIR/ros-ws/devel/.private/turtle_bot/share/gennodejs/ros/turtle_bot/msg/Entity.js, /home/damien/SIR/ros-ws/devel/share/gennodejs/ros/turtle_bot/msg/Entity.js)
Linked: (/home/damien/SIR/ros-ws/devel/.private/turtle_bot/share/gennodejs/ros/turtle_bot/msg/_index.js, /home/damien/SIR/ros-ws/devel/share/gennodejs/ros/turtle_bot/msg/_index.js)
Linked: (/home/damien/SIR/ros-ws/devel/.private/turtle_bot/share/turtle_bot/cmake/turtle_bot-msg-paths.cmake, /home/damien/SIR/ros-ws/devel/share/turtle_bot/cmake/turtle_bot-msg-paths.cmake)
Linked: (/home/damien/SIR/ros-ws/devel/.private/turtle_bot/share/turtle_bot/cmake/turtle_botConfig-version.cmake, /home/damien/SIR/ros-ws/devel/share/turtle_bot/cmake/turtle_botConfig-version.cmake)
Linked: (/home/damien/SIR/ros-ws/devel/.private/turtle_bot/share/turtle_bot/cmake/turtle_botConfig.cmake, /home/damien/SIR/ros-ws/devel/share/turtle_bot/cmake/turtle_botConfig.cmake)
Linked: (/home/damien/SIR/ros-ws/devel/.private/turtle_bot/share/turtle_bot/cmake/turtle_bot-msg-extras.cmake, /home/damien/SIR/ros-ws/devel/share/turtle_bot/cmake/turtle_bot-msg-extras.cmake)
Linked: (/home/damien/SIR/ros-ws/devel/.private/turtle_bot/share/common-lisp/ros/turtle_bot/srv/_package_Record.lisp, /home/damien/SIR/ros-ws/devel/share/common-lisp/ros/turtle_bot/srv/_package_Record.lisp)
Linked: (/home/damien/SIR/ros-ws/devel/.private/turtle_bot/share/common-lisp/ros/turtle_bot/srv/Service1.lisp, /home/damien/SIR/ros-ws/devel/share/common-lisp/ros/turtle_bot/srv/Service1.lisp)
Linked: (/home/damien/SIR/ros-ws/devel/.private/turtle_bot/share/common-lisp/ros/turtle_bot/srv/_package.lisp, /home/damien/SIR/ros-ws/devel/share/common-lisp/ros/turtle_bot/srv/_package.lisp)
Linked: (/home/damien/SIR/ros-ws/devel/.private/turtle_bot/share/common-lisp/ros/turtle_bot/srv/turtle_bot-srv.asd, /home/damien/SIR/ros-ws/devel/share/common-lisp/ros/turtle_bot/srv/turtle_bot-srv.asd)
Linked: (/home/damien/SIR/ros-ws/devel/.private/turtle_bot/share/common-lisp/ros/turtle_bot/srv/Go.lisp, /home/damien/SIR/ros-ws/devel/share/common-lisp/ros/turtle_bot/srv/Go.lisp)
Linked: (/home/damien/SIR/ros-ws/devel/.private/turtle_bot/share/common-lisp/ros/turtle_bot/srv/_package_Abort.lisp, /home/damien/SIR/ros-ws/devel/share/common-lisp/ros/turtle_bot/srv/_package_Abort.lisp)
Linked: (/home/damien/SIR/ros-ws/devel/.private/turtle_bot/share/common-lisp/ros/turtle_bot/srv/_package_Go.lisp, /home/damien/SIR/ros-ws/devel/share/common-lisp/ros/turtle_bot/srv/_package_Go.lisp)
Linked: (/home/damien/SIR/ros-ws/devel/.private/turtle_bot/share/common-lisp/ros/turtle_bot/srv/Record.lisp, /home/damien/SIR/ros-ws/devel/share/common-lisp/ros/turtle_bot/srv/Record.lisp)
Linked: (/home/damien/SIR/ros-ws/devel/.private/turtle_bot/share/common-lisp/ros/turtle_bot/srv/Abort.lisp, /home/damien/SIR/ros-ws/devel/share/common-lisp/ros/turtle_bot/srv/Abort.lisp)
Linked: (/home/damien/SIR/ros-ws/devel/.private/turtle_bot/share/common-lisp/ros/turtle_bot/srv/_package_Mode.lisp, /home/damien/SIR/ros-ws/devel/share/common-lisp/ros/turtle_bot/srv/_package_Mode.lisp)
Linked: (/home/damien/SIR/ros-ws/devel/.private/turtle_bot/share/common-lisp/ros/turtle_bot/srv/Mode.lisp, /home/damien/SIR/ros-ws/devel/share/common-lisp/ros/turtle_bot/srv/Mode.lisp)
Linked: (/home/damien/SIR/ros-ws/devel/.private/turtle_bot/share/common-lisp/ros/turtle_bot/srv/_package_Service1.lisp, /home/damien/SIR/ros-ws/devel/share/common-lisp/ros/turtle_bot/srv/_package_Service1.lisp)
Linked: (/home/damien/SIR/ros-ws/devel/.private/turtle_bot/share/common-lisp/ros/turtle_bot/msg/ArenaPositions.lisp, /home/damien/SIR/ros-ws/devel/share/common-lisp/ros/turtle_bot/msg/ArenaPositions.lisp)
Linked: (/home/damien/SIR/ros-ws/devel/.private/turtle_bot/share/common-lisp/ros/turtle_bot/msg/PanTilts.lisp, /home/damien/SIR/ros-ws/devel/share/common-lisp/ros/turtle_bot/msg/PanTilts.lisp)
Linked: (/home/damien/SIR/ros-ws/devel/.private/turtle_bot/share/common-lisp/ros/turtle_bot/msg/_package.lisp, /home/damien/SIR/ros-ws/devel/share/common-lisp/ros/turtle_bot/msg/_package.lisp)
Linked: (/home/damien/SIR/ros-ws/devel/.private/turtle_bot/share/common-lisp/ros/turtle_bot/msg/Axis.lisp, /home/damien/SIR/ros-ws/devel/share/common-lisp/ros/turtle_bot/msg/Axis.lisp)
Linked: (/home/damien/SIR/ros-ws/devel/.private/turtle_bot/share/common-lisp/ros/turtle_bot/msg/_package_ArenaPosition.lisp, /home/damien/SIR/ros-ws/devel/share/common-lisp/ros/turtle_bot/msg/_package_ArenaPosition.lisp)
Linked: (/home/damien/SIR/ros-ws/devel/.private/turtle_bot/share/common-lisp/ros/turtle_bot/msg/_package_Axis.lisp, /home/damien/SIR/ros-ws/devel/share/common-lisp/ros/turtle_bot/msg/_package_Axis.lisp)
Linked: (/home/damien/SIR/ros-ws/devel/.private/turtle_bot/share/common-lisp/ros/turtle_bot/msg/PanTilt.lisp, /home/damien/SIR/ros-ws/devel/share/common-lisp/ros/turtle_bot/msg/PanTilt.lisp)
Linked: (/home/damien/SIR/ros-ws/devel/.private/turtle_bot/share/common-lisp/ros/turtle_bot/msg/turtle_bot-msg.asd, /home/damien/SIR/ros-ws/devel/share/common-lisp/ros/turtle_bot/msg/turtle_bot-msg.asd)
Linked: (/home/damien/SIR/ros-ws/devel/.private/turtle_bot/share/common-lisp/ros/turtle_bot/msg/_package_Entity.lisp, /home/damien/SIR/ros-ws/devel/share/common-lisp/ros/turtle_bot/msg/_package_Entity.lisp)
Linked: (/home/damien/SIR/ros-ws/devel/.private/turtle_bot/share/common-lisp/ros/turtle_bot/msg/_package_PanTilts.lisp, /home/damien/SIR/ros-ws/devel/share/common-lisp/ros/turtle_bot/msg/_package_PanTilts.lisp)
Linked: (/home/damien/SIR/ros-ws/devel/.private/turtle_bot/share/common-lisp/ros/turtle_bot/msg/Entity.lisp, /home/damien/SIR/ros-ws/devel/share/common-lisp/ros/turtle_bot/msg/Entity.lisp)
Linked: (/home/damien/SIR/ros-ws/devel/.private/turtle_bot/share/common-lisp/ros/turtle_bot/msg/_package_PanTilt.lisp, /home/damien/SIR/ros-ws/devel/share/common-lisp/ros/turtle_bot/msg/_package_PanTilt.lisp)
Linked: (/home/damien/SIR/ros-ws/devel/.private/turtle_bot/share/common-lisp/ros/turtle_bot/msg/ArenaPosition.lisp, /home/damien/SIR/ros-ws/devel/share/common-lisp/ros/turtle_bot/msg/ArenaPosition.lisp)
Linked: (/home/damien/SIR/ros-ws/devel/.private/turtle_bot/share/common-lisp/ros/turtle_bot/msg/_package_Entities.lisp, /home/damien/SIR/ros-ws/devel/share/common-lisp/ros/turtle_bot/msg/_package_Entities.lisp)
Linked: (/home/damien/SIR/ros-ws/devel/.private/turtle_bot/share/common-lisp/ros/turtle_bot/msg/Entities.lisp, /home/damien/SIR/ros-ws/devel/share/common-lisp/ros/turtle_bot/msg/Entities.lisp)
Linked: (/home/damien/SIR/ros-ws/devel/.private/turtle_bot/share/common-lisp/ros/turtle_bot/msg/_package_ArenaPositions.lisp, /home/damien/SIR/ros-ws/devel/share/common-lisp/ros/turtle_bot/msg/_package_ArenaPositions.lisp)
Linked: (/home/damien/SIR/ros-ws/devel/.private/turtle_bot/share/roseus/ros/turtle_bot/manifest.l, /home/damien/SIR/ros-ws/devel/share/roseus/ros/turtle_bot/manifest.l)
Linked: (/home/damien/SIR/ros-ws/devel/.private/turtle_bot/share/roseus/ros/turtle_bot/srv/Mode.l, /home/damien/SIR/ros-ws/devel/share/roseus/ros/turtle_bot/srv/Mode.l)
Linked: (/home/damien/SIR/ros-ws/devel/.private/turtle_bot/share/roseus/ros/turtle_bot/srv/Record.l, /home/damien/SIR/ros-ws/devel/share/roseus/ros/turtle_bot/srv/Record.l)
Linked: (/home/damien/SIR/ros-ws/devel/.private/turtle_bot/share/roseus/ros/turtle_bot/srv/Go.l, /home/damien/SIR/ros-ws/devel/share/roseus/ros/turtle_bot/srv/Go.l)
Linked: (/home/damien/SIR/ros-ws/devel/.private/turtle_bot/share/roseus/ros/turtle_bot/srv/Abort.l, /home/damien/SIR/ros-ws/devel/share/roseus/ros/turtle_bot/srv/Abort.l)
Linked: (/home/damien/SIR/ros-ws/devel/.private/turtle_bot/share/roseus/ros/turtle_bot/srv/Service1.l, /home/damien/SIR/ros-ws/devel/share/roseus/ros/turtle_bot/srv/Service1.l)
Linked: (/home/damien/SIR/ros-ws/devel/.private/turtle_bot/share/roseus/ros/turtle_bot/msg/PanTilts.l, /home/damien/SIR/ros-ws/devel/share/roseus/ros/turtle_bot/msg/PanTilts.l)
Linked: (/home/damien/SIR/ros-ws/devel/.private/turtle_bot/share/roseus/ros/turtle_bot/msg/PanTilt.l, /home/damien/SIR/ros-ws/devel/share/roseus/ros/turtle_bot/msg/PanTilt.l)
Linked: (/home/damien/SIR/ros-ws/devel/.private/turtle_bot/share/roseus/ros/turtle_bot/msg/ArenaPosition.l, /home/damien/SIR/ros-ws/devel/share/roseus/ros/turtle_bot/msg/ArenaPosition.l)
Linked: (/home/damien/SIR/ros-ws/devel/.private/turtle_bot/share/roseus/ros/turtle_bot/msg/Entities.l, /home/damien/SIR/ros-ws/devel/share/roseus/ros/turtle_bot/msg/Entities.l)
Linked: (/home/damien/SIR/ros-ws/devel/.private/turtle_bot/share/roseus/ros/turtle_bot/msg/Entity.l, /home/damien/SIR/ros-ws/devel/share/roseus/ros/turtle_bot/msg/Entity.l)
Linked: (/home/damien/SIR/ros-ws/devel/.private/turtle_bot/share/roseus/ros/turtle_bot/msg/ArenaPositions.l, /home/damien/SIR/ros-ws/devel/share/roseus/ros/turtle_bot/msg/ArenaPositions.l)
Linked: (/home/damien/SIR/ros-ws/devel/.private/turtle_bot/share/roseus/ros/turtle_bot/msg/Axis.l, /home/damien/SIR/ros-ws/devel/share/roseus/ros/turtle_bot/msg/Axis.l)
Linked: (/home/damien/SIR/ros-ws/devel/.private/turtle_bot/lib/pkgconfig/turtle_bot.pc, /home/damien/SIR/ros-ws/devel/lib/pkgconfig/turtle_bot.pc)
Linked: (/home/damien/SIR/ros-ws/devel/.private/turtle_bot/lib/turtle_bot/share, /home/damien/SIR/ros-ws/devel/lib/turtle_bot/share)
Linked: (/home/damien/SIR/ros-ws/devel/.private/turtle_bot/lib/turtle_bot/move_axis, /home/damien/SIR/ros-ws/devel/lib/turtle_bot/move_axis)
Linked: (/home/damien/SIR/ros-ws/devel/.private/turtle_bot/lib/turtle_bot/position_server, /home/damien/SIR/ros-ws/devel/lib/turtle_bot/position_server)
Linked: (/home/damien/SIR/ros-ws/devel/.private/turtle_bot/lib/turtle_bot/sampler, /home/damien/SIR/ros-ws/devel/lib/turtle_bot/sampler)
Linked: (/home/damien/SIR/ros-ws/devel/.private/turtle_bot/lib/turtle_bot/gngt, /home/damien/SIR/ros-ws/devel/lib/turtle_bot/gngt)
Linked: (/home/damien/SIR/ros-ws/devel/.private/turtle_bot/lib/turtle_bot/positions, /home/damien/SIR/ros-ws/devel/lib/turtle_bot/positions)
Linked: (/home/damien/SIR/ros-ws/devel/.private/turtle_bot/lib/turtle_bot/detect, /home/damien/SIR/ros-ws/devel/lib/turtle_bot/detect)
Linked: (/home/damien/SIR/ros-ws/devel/.private/turtle_bot/lib/turtle_bot/nav_to_goal, /home/damien/SIR/ros-ws/devel/lib/turtle_bot/nav_to_goal)
Linked: (/home/damien/SIR/ros-ws/devel/.private/turtle_bot/lib/turtle_bot/localize, /home/damien/SIR/ros-ws/devel/lib/turtle_bot/localize)
Linked: (/home/damien/SIR/ros-ws/devel/.private/turtle_bot/lib/turtle_bot/tracker, /home/damien/SIR/ros-ws/devel/lib/turtle_bot/tracker)
Linked: (/home/damien/SIR/ros-ws/devel/.private/turtle_bot/lib/turtle_bot/nav_points, /home/damien/SIR/ros-ws/devel/lib/turtle_bot/nav_points)
Linked: (/home/damien/SIR/ros-ws/devel/.private/turtle_bot/lib/python2.7/dist-packages/turtle_bot/__init__.py, /home/damien/SIR/ros-ws/devel/lib/python2.7/dist-packages/turtle_bot/__init__.py)
Linked: (/home/damien/SIR/ros-ws/devel/.private/turtle_bot/lib/python2.7/dist-packages/turtle_bot/srv/_Abort.py, /home/damien/SIR/ros-ws/devel/lib/python2.7/dist-packages/turtle_bot/srv/_Abort.py)
Linked: (/home/damien/SIR/ros-ws/devel/.private/turtle_bot/lib/python2.7/dist-packages/turtle_bot/srv/__init__.py, /home/damien/SIR/ros-ws/devel/lib/python2.7/dist-packages/turtle_bot/srv/__init__.py)
Linked: (/home/damien/SIR/ros-ws/devel/.private/turtle_bot/lib/python2.7/dist-packages/turtle_bot/srv/_Mode.py, /home/damien/SIR/ros-ws/devel/lib/python2.7/dist-packages/turtle_bot/srv/_Mode.py)
Linked: (/home/damien/SIR/ros-ws/devel/.private/turtle_bot/lib/python2.7/dist-packages/turtle_bot/srv/_Go.py, /home/damien/SIR/ros-ws/devel/lib/python2.7/dist-packages/turtle_bot/srv/_Go.py)
Linked: (/home/damien/SIR/ros-ws/devel/.private/turtle_bot/lib/python2.7/dist-packages/turtle_bot/srv/_Record.py, /home/damien/SIR/ros-ws/devel/lib/python2.7/dist-packages/turtle_bot/srv/_Record.py)
Linked: (/home/damien/SIR/ros-ws/devel/.private/turtle_bot/lib/python2.7/dist-packages/turtle_bot/srv/_Service1.py, /home/damien/SIR/ros-ws/devel/lib/python2.7/dist-packages/turtle_bot/srv/_Service1.py)
Linked: (/home/damien/SIR/ros-ws/devel/.private/turtle_bot/lib/python2.7/dist-packages/turtle_bot/msg/_Axis.py, /home/damien/SIR/ros-ws/devel/lib/python2.7/dist-packages/turtle_bot/msg/_Axis.py)
Linked: (/home/damien/SIR/ros-ws/devel/.private/turtle_bot/lib/python2.7/dist-packages/turtle_bot/msg/__init__.py, /home/damien/SIR/ros-ws/devel/lib/python2.7/dist-packages/turtle_bot/msg/__init__.py)
Linked: (/home/damien/SIR/ros-ws/devel/.private/turtle_bot/lib/python2.7/dist-packages/turtle_bot/msg/_PanTilts.py, /home/damien/SIR/ros-ws/devel/lib/python2.7/dist-packages/turtle_bot/msg/_PanTilts.py)
Linked: (/home/damien/SIR/ros-ws/devel/.private/turtle_bot/lib/python2.7/dist-packages/turtle_bot/msg/_PanTilt.py, /home/damien/SIR/ros-ws/devel/lib/python2.7/dist-packages/turtle_bot/msg/_PanTilt.py)
Linked: (/home/damien/SIR/ros-ws/devel/.private/turtle_bot/lib/python2.7/dist-packages/turtle_bot/msg/_Entities.py, /home/damien/SIR/ros-ws/devel/lib/python2.7/dist-packages/turtle_bot/msg/_Entities.py)
Linked: (/home/damien/SIR/ros-ws/devel/.private/turtle_bot/lib/python2.7/dist-packages/turtle_bot/msg/_ArenaPositions.py, /home/damien/SIR/ros-ws/devel/lib/python2.7/dist-packages/turtle_bot/msg/_ArenaPositions.py)
Linked: (/home/damien/SIR/ros-ws/devel/.private/turtle_bot/lib/python2.7/dist-packages/turtle_bot/msg/_ArenaPosition.py, /home/damien/SIR/ros-ws/devel/lib/python2.7/dist-packages/turtle_bot/msg/_ArenaPosition.py)
Linked: (/home/damien/SIR/ros-ws/devel/.private/turtle_bot/lib/python2.7/dist-packages/turtle_bot/msg/_Entity.py, /home/damien/SIR/ros-ws/devel/lib/python2.7/dist-packages/turtle_bot/msg/_Entity.py)
Linked: (/home/damien/SIR/ros-ws/devel/.private/turtle_bot/include/turtle_bot/Entities.h, /home/damien/SIR/ros-ws/devel/include/turtle_bot/Entities.h)
Warning: Cannot symlink from /home/damien/SIR/ros-ws/devel/.private/turtle_bot/include/turtle_bot/Axis.h to existing file /home/damien/SIR/ros-ws/devel/include/turtle_bot/Axis.h
Warning: Source hash: 6d0b2769d8e470ad30b1b517e0862e76
Warning: Dest hash: 8093d6aa3f3b9b225f2aec2086e71f6e
Warning: Cannot symlink from /home/damien/SIR/ros-ws/devel/.private/turtle_bot/include/turtle_bot/GoRequest.h to existing file /home/damien/SIR/ros-ws/devel/include/turtle_bot/GoRequest.h
Warning: Source hash: 8d24ce28a3024d5d3598a8e0d1d00c14
Warning: Dest hash: 4282a66c1f122cf61c66113d838543f0
Linked: (/home/damien/SIR/ros-ws/devel/.private/turtle_bot/include/turtle_bot/Record.h, /home/damien/SIR/ros-ws/devel/include/turtle_bot/Record.h)
Warning: Cannot symlink from /home/damien/SIR/ros-ws/devel/.private/turtle_bot/include/turtle_bot/Service1Response.h to existing file /home/damien/SIR/ros-ws/devel/include/turtle_bot/Service1Response.h
Warning: Source hash: 87b6437174a6b84170dcb8b67f263560
Warning: Dest hash: c1b013cb94d27785bc613a061e983218
Warning: Cannot symlink from /home/damien/SIR/ros-ws/devel/.private/turtle_bot/include/turtle_bot/Service1Request.h to existing file /home/damien/SIR/ros-ws/devel/include/turtle_bot/Service1Request.h
Warning: Source hash: 6aaba4186d425ac35af96023010d2bce
Warning: Dest hash: 8fcabec3764189c8390db9ca91b5c7c5
Linked: (/home/damien/SIR/ros-ws/devel/.private/turtle_bot/include/turtle_bot/RecordResponse.h, /home/damien/SIR/ros-ws/devel/include/turtle_bot/RecordResponse.h)
Warning: Cannot symlink from /home/damien/SIR/ros-ws/devel/.private/turtle_bot/include/turtle_bot/ArenaPositions.h to existing file /home/damien/SIR/ros-ws/devel/include/turtle_bot/ArenaPositions.h
Warning: Source hash: dec93fcebcf46259bb85650783d1a732
Warning: Dest hash: 94e926133167950f43ab7ed4dfff7179
Warning: Cannot symlink from /home/damien/SIR/ros-ws/devel/.private/turtle_bot/include/turtle_bot/PanTilt.h to existing file /home/damien/SIR/ros-ws/devel/include/turtle_bot/PanTilt.h
Warning: Source hash: af5039d90d41f9bb69cab0e64bc1ebfd
Warning: Dest hash: 3829cebe5b794ff5d5650496dbe4c775
Warning: Cannot symlink from /home/damien/SIR/ros-ws/devel/.private/turtle_bot/include/turtle_bot/GoResponse.h to existing file /home/damien/SIR/ros-ws/devel/include/turtle_bot/GoResponse.h
Warning: Source hash: 3537eff9c0bb4df01380dac9390ea581
Warning: Dest hash: c5340bcd1d3a923cee4762e2614a2ab0
Warning: Cannot symlink from /home/damien/SIR/ros-ws/devel/.private/turtle_bot/include/turtle_bot/AbortRequest.h to existing file /home/damien/SIR/ros-ws/devel/include/turtle_bot/AbortRequest.h
Warning: Source hash: 9965e8742c53bb1c8dde09fff1f59eca
Warning: Dest hash: cad4e786db611c01a57f17c9106d5f15
Linked: (/home/damien/SIR/ros-ws/devel/.private/turtle_bot/include/turtle_bot/Mode.h, /home/damien/SIR/ros-ws/devel/include/turtle_bot/Mode.h)
Linked: (/home/damien/SIR/ros-ws/devel/.private/turtle_bot/include/turtle_bot/ModeRequest.h, /home/damien/SIR/ros-ws/devel/include/turtle_bot/ModeRequest.h)
Warning: Cannot symlink from /home/damien/SIR/ros-ws/devel/.private/turtle_bot/include/turtle_bot/PanTilts.h to existing file /home/damien/SIR/ros-ws/devel/include/turtle_bot/PanTilts.h
Warning: Source hash: 56779ccaf85514439de1af8905d00660
Warning: Dest hash: f6c9be3e846356213ac521708abd1a30
Warning: Cannot symlink from /home/damien/SIR/ros-ws/devel/.private/turtle_bot/include/turtle_bot/AbortResponse.h to existing file /home/damien/SIR/ros-ws/devel/include/turtle_bot/AbortResponse.h
Warning: Source hash: ef270fe47cf724d560cb66d2ef123b40
Warning: Dest hash: defb363fba499c5f860e14c000ce4b8a
Linked: (/home/damien/SIR/ros-ws/devel/.private/turtle_bot/include/turtle_bot/RecordRequest.h, /home/damien/SIR/ros-ws/devel/include/turtle_bot/RecordRequest.h)
Linked: (/home/damien/SIR/ros-ws/devel/.private/turtle_bot/include/turtle_bot/ModeResponse.h, /home/damien/SIR/ros-ws/devel/include/turtle_bot/ModeResponse.h)
Linked: (/home/damien/SIR/ros-ws/devel/.private/turtle_bot/include/turtle_bot/Entity.h, /home/damien/SIR/ros-ws/devel/include/turtle_bot/Entity.h)
Warning: Cannot symlink from /home/damien/SIR/ros-ws/devel/.private/turtle_bot/include/turtle_bot/ArenaPosition.h to existing file /home/damien/SIR/ros-ws/devel/include/turtle_bot/ArenaPosition.h
Warning: Source hash: baf8afe4b80654ee37d09c48907a3367
Warning: Dest hash: 1708debe48e8be011293f3ba93422b5e
