[36m--[0m Using CATKIN_DEVEL_PREFIX: /home/damien/SIR/ros-ws/devel/.private/turtle_bot
[36m--[0m Using CMAKE_PREFIX_PATH: /home/damien/SIR/ros-ws/devel;/opt/ros/kinetic
[36m--[0m This workspace overlays: /home/damien/SIR/ros-ws/devel;/opt/ros/kinetic
[36m--[0m Using PYTHON_EXECUTABLE: /usr/bin/python
[36m--[0m Using Debian Python package layout
[36m--[0m Using empy: /usr/bin/empy
[36m--[0m Using CATKIN_ENABLE_TESTING: ON
[36m--[0m Call enable_testing()
[36m--[0m Using CATKIN_TEST_RESULTS_DIR: /home/damien/SIR/ros-ws/build/turtle_bot/test_results
[36m--[0m Found gtest sources under '/usr/src/gtest': gtests will be built
[36m--[0m Using Python nosetests: /usr/bin/nosetests-2.7
[36m--[0m catkin 0.7.8
[36m--[0m Using these message generators: gencpp;geneus;genlisp;gennodejs;genpy
[36m--[0m turtle_bot: 7 messages, 5 services
[31m[1mCMake Error[0m at /home/damien/SIR/ros-ws/src/turtle_bot/CMakeLists.txt:195 (target_link_libraries):
  Cannot specify link libraries for target "nav_points" which is not built by
  this project.


[36m--[0m Configuring incomplete, errors occurred!
See also "/home/damien/SIR/ros-ws/build/turtle_bot/CMakeFiles/CMakeOutput.log".
See also "/home/damien/SIR/ros-ws/build/turtle_bot/CMakeFiles/CMakeError.log".
make: *** [cmake_check_build_system] Erreur 1
