[01m[K/home/damien/SIR/ros-ws/src/turtle_bot/src/sampler.cpp:8:10:[m[K [01;31m[Kfatal error: [m[Kturtle_bot/PanTilts.h: Aucun fichier ou dossier de ce type
 #include [01;31m[K<turtle_bot/PanTilts.h>[m[K
          [01;31m[K^~~~~~~~~~~~~~~~~~~~~~~[m[K
compilation terminated.
make[2]: *** [CMakeFiles/sampler.dir/src/sampler.cpp.o] Erreur 1
make[1]: *** [CMakeFiles/sampler.dir/all] Erreur 2
make[1]: *** Attente des tâches non terminées....
[01m[K/home/damien/SIR/ros-ws/src/turtle_bot/src/tracker.cpp:2:10:[m[K [01;31m[Kfatal error: [m[Kturtle_bot/PanTilts.h: Aucun fichier ou dossier de ce type
 #include [01;31m[K<turtle_bot/PanTilts.h>[m[K
          [01;31m[K^~~~~~~~~~~~~~~~~~~~~~~[m[K
compilation terminated.
make[2]: *** [CMakeFiles/tracker.dir/src/tracker.cpp.o] Erreur 1
make[1]: *** [CMakeFiles/tracker.dir/all] Erreur 2
[01m[K/home/damien/SIR/ros-ws/src/turtle_bot/src/localize.cpp:3:10:[m[K [01;31m[Kfatal error: [m[Kturtle_bot/PanTilts.h: Aucun fichier ou dossier de ce type
 #include [01;31m[K<turtle_bot/PanTilts.h>[m[K
          [01;31m[K^~~~~~~~~~~~~~~~~~~~~~~[m[K
compilation terminated.
make[2]: *** [CMakeFiles/localize.dir/src/localize.cpp.o] Erreur 1
make[1]: *** [CMakeFiles/localize.dir/all] Erreur 2
[01m[K/home/damien/SIR/ros-ws/src/turtle_bot/src/move_axis.cpp:2:10:[m[K [01;31m[Kfatal error: [m[Kturtle_bot/Axis.h: Aucun fichier ou dossier de ce type
 #include [01;31m[K<turtle_bot/Axis.h>[m[K
          [01;31m[K^~~~~~~~~~~~~~~~~~~[m[K
compilation terminated.
make[2]: *** [CMakeFiles/move_axis.dir/src/move_axis.cpp.o] Erreur 1
make[1]: *** [CMakeFiles/move_axis.dir/all] Erreur 2
make: *** [all] Erreur 2
