[01m[K/home/damien/SIR/ros-ws/src/turtle_bot/src/move_axis.cpp:2:10:[m[K [01;31m[Kfatal error: [m[Kturtle_bot/Axis.h: Aucun fichier ou dossier de ce type
 #include [01;31m[K<turtle_bot/Axis.h>[m[K
          [01;31m[K^~~~~~~~~~~~~~~~~~~[m[K
compilation terminated.
make[2]: *** [CMakeFiles/move_axis.dir/src/move_axis.cpp.o] Erreur 1
make[1]: *** [CMakeFiles/move_axis.dir/all] Erreur 2
make[1]: *** Attente des tâches non terminées....
[01m[K/home/damien/SIR/ros-ws/src/turtle_bot/src/nav_to_goal.cpp:6:10:[m[K [01;31m[Kfatal error: [m[Kturtle_bot/Service1.h: Aucun fichier ou dossier de ce type
 #include [01;31m[K<turtle_bot/Service1.h>[m[K
          [01;31m[K^~~~~~~~~~~~~~~~~~~~~~~[m[K
compilation terminated.
make[2]: *** [CMakeFiles/nav_to_goal.dir/src/nav_to_goal.cpp.o] Erreur 1
make[1]: *** [CMakeFiles/nav_to_goal.dir/all] Erreur 2
[01m[K/home/damien/SIR/ros-ws/src/turtle_bot/src/nav_points.cpp:7:10:[m[K [01;31m[Kfatal error: [m[Kturtle_bot/Service1.h: Aucun fichier ou dossier de ce type
 #include [01;31m[K<turtle_bot/Service1.h>[m[K
          [01;31m[K^~~~~~~~~~~~~~~~~~~~~~~[m[K
compilation terminated.
make[2]: *** [CMakeFiles/nav_points.dir/src/nav_points.cpp.o] Erreur 1
make[1]: *** [CMakeFiles/nav_points.dir/all] Erreur 2
[01m[K/home/damien/SIR/ros-ws/src/turtle_bot/src/detect.cpp:7:10:[m[K [01;31m[Kfatal error: [m[Kturtle_bot/PanTilts.h: Aucun fichier ou dossier de ce type
 #include [01;31m[K"turtle_bot/PanTilts.h"[m[K
          [01;31m[K^~~~~~~~~~~~~~~~~~~~~~~[m[K
compilation terminated.
make[2]: *** [CMakeFiles/detect.dir/src/detect.cpp.o] Erreur 1
make[1]: *** [CMakeFiles/detect.dir/all] Erreur 2
make: *** [all] Erreur 2
