[  7%] Built target position_server
[  7%] Built target positions
[  7%] Built target sampler
[  7%] Built target localize
[35m[1mScanning dependencies of target nav_points_bot[0m
[35m[1mScanning dependencies of target tracker[0m
[  7%] Built target move_axis
[35m[1mScanning dependencies of target nav_points_sim[0m
[  7%] [32mBuilding CXX object CMakeFiles/tracker.dir/src/tracker.cpp.o[0m
[  7%] Built target nav_to_goal
[  7%] Built target _turtle_bot_generate_messages_check_deps_ArenaPosition
[  7%] Built target _turtle_bot_generate_messages_check_deps_PanTilts
[  7%] Built target _turtle_bot_generate_messages_check_deps_Abort
[  7%] Built target _turtle_bot_generate_messages_check_deps_PanTilt
[  7%] Built target _turtle_bot_generate_messages_check_deps_ArenaPositions
[  7%] Built target geometry_msgs_generate_messages_cpp
[  7%] Built target _turtle_bot_generate_messages_check_deps_Mode
[  7%] [32mBuilding CXX object CMakeFiles/nav_points_sim.dir/src/nav_points_sim.cpp.o[0m
[  7%] [32mBuilding CXX object CMakeFiles/nav_points_bot.dir/src/nav_points_bot.cpp.o[0m
[  7%] Built target std_msgs_generate_messages_cpp
[  7%] Built target _turtle_bot_generate_messages_check_deps_Go
[  7%] Built target _turtle_bot_generate_messages_check_deps_Record
[  7%] Built target _turtle_bot_generate_messages_check_deps_Entities
[  7%] Built target std_srvs_generate_messages_cpp
[  7%] Built target _turtle_bot_generate_messages_check_deps_Entity
[  7%] Built target _turtle_bot_generate_messages_check_deps_Service1
[  7%] Built target _turtle_bot_generate_messages_check_deps_Axis
[35m[1mScanning dependencies of target detect[0m
[  7%] [32mBuilding CXX object CMakeFiles/detect.dir/src/detect.cpp.o[0m
[  7%] [32m[1mLinking CXX executable /home/damien/SIR/ros-ws/devel/.private/turtle_bot/lib/turtle_bot/tracker[0m
[  7%] [32m[1mLinking CXX executable /home/damien/SIR/ros-ws/devel/.private/turtle_bot/lib/turtle_bot/detect[0m
[  7%] Built target tracker
[  7%] Built target geometry_msgs_generate_messages_py
[  7%] Built target std_srvs_generate_messages_py
[  7%] [32m[1mLinking CXX executable /home/damien/SIR/ros-ws/devel/.private/turtle_bot/lib/turtle_bot/nav_points_bot[0m
[  7%] Built target std_msgs_generate_messages_py
[  7%] Built target std_srvs_generate_messages_nodejs
[  7%] Built target std_msgs_generate_messages_nodejs
[  7%] [32m[1mLinking CXX executable /home/damien/SIR/ros-ws/devel/.private/turtle_bot/lib/turtle_bot/nav_points_sim[0m
[  7%] Built target geometry_msgs_generate_messages_nodejs
[  7%] Built target geometry_msgs_generate_messages_lisp
[  7%] Built target std_msgs_generate_messages_lisp
[  7%] Built target std_srvs_generate_messages_lisp
[  7%] Built target std_srvs_generate_messages_eus
[  7%] Built target nav_points_bot
[  7%] Built target std_msgs_generate_messages_eus
[  7%] Built target geometry_msgs_generate_messages_eus
[  7%] Built target turtle_bot_generate_messages_cpp
[  7%] Built target share
[  7%] Built target turtle_bot_generate_messages_py
[  7%] Built target turtle_bot_generate_messages_nodejs
[  7%] Built target turtle_bot_generate_messages_lisp
[  7%] Built target turtle_bot_generate_messages_eus
[  7%] Built target turtle_bot_generate_messages
[  7%] Built target detect
[  7%] Built target nav_points_sim
[35m[1mScanning dependencies of target gngt[0m
[  7%] [32mBuilding CXX object CMakeFiles/gngt.dir/src/gngt.cpp.o[0m
[  7%] [32m[1mLinking CXX executable /home/damien/SIR/ros-ws/devel/.private/turtle_bot/lib/turtle_bot/gngt[0m
[  7%] Built target gngt
