[  0%] Built target std_msgs_generate_messages_cpp
[  0%] Built target _beginner_tutorials_generate_messages_check_deps_AddTwoInts
[  0%] Built target _beginner_tutorials_generate_messages_check_deps_Num
[  0%] Built target std_msgs_generate_messages_lisp
[  0%] Built target std_msgs_generate_messages_py
[  0%] Built target std_msgs_generate_messages_eus
[  0%] Built target std_msgs_generate_messages_nodejs
[  9%] Built target beginner_tutorials_generate_messages_lisp
[ 19%] Built target beginner_tutorials_generate_messages_cpp
[ 38%] Built target beginner_tutorials_generate_messages_py
[ 47%] Built target beginner_tutorials_generate_messages_nodejs
[ 61%] Built target beginner_tutorials_generate_messages_eus
[ 66%] [32m[1mLinking CXX executable /home/damien/SIR/ros-ws/devel/.private/beginner_tutorials/lib/beginner_tutorials/listener[0m
[ 71%] [32m[1mLinking CXX executable /home/damien/SIR/ros-ws/devel/.private/beginner_tutorials/lib/beginner_tutorials/talker[0m
[ 76%] Built target talker
[ 80%] Built target listener
[ 80%] Built target beginner_tutorials_gencpp
[ 80%] Built target beginner_tutorials_generate_messages
[ 85%] [32m[1mLinking CXX executable /home/damien/SIR/ros-ws/devel/.private/beginner_tutorials/lib/beginner_tutorials/add_two_ints_client[0m
[ 90%] [32m[1mLinking CXX executable /home/damien/SIR/ros-ws/devel/.private/beginner_tutorials/lib/beginner_tutorials/add_two_ints_server[0m
[ 95%] Built target add_two_ints_client
[100%] Built target add_two_ints_server
