Determining if the pthread_create exist failed with the following output:
Change Dir: /home/damien/SIR/ros-ws/build/robotique_autonome_be/CMakeFiles/CMakeTmp

Run Build Command:"/usr/bin/make" "cmTC_9975f/fast"
/usr/bin/make -f CMakeFiles/cmTC_9975f.dir/build.make CMakeFiles/cmTC_9975f.dir/build
make[1] : on entre dans le répertoire « /home/damien/SIR/ros-ws/build/robotique_autonome_be/CMakeFiles/CMakeTmp »
Building C object CMakeFiles/cmTC_9975f.dir/CheckSymbolExists.c.o
/usr/bin/cc     -o CMakeFiles/cmTC_9975f.dir/CheckSymbolExists.c.o   -c /home/damien/SIR/ros-ws/build/robotique_autonome_be/CMakeFiles/CMakeTmp/CheckSymbolExists.c
Linking C executable cmTC_9975f
/usr/bin/cmake -E cmake_link_script CMakeFiles/cmTC_9975f.dir/link.txt --verbose=1
/usr/bin/cc       CMakeFiles/cmTC_9975f.dir/CheckSymbolExists.c.o  -o cmTC_9975f -rdynamic 
CMakeFiles/cmTC_9975f.dir/CheckSymbolExists.c.o : Dans la fonction « main » :
CheckSymbolExists.c:(.text+0x16) : référence indéfinie vers « pthread_create »
collect2: error: ld returned 1 exit status
CMakeFiles/cmTC_9975f.dir/build.make:97 : la recette pour la cible « cmTC_9975f » a échouée
make[1]: *** [cmTC_9975f] Erreur 1
make[1] : on quitte le répertoire « /home/damien/SIR/ros-ws/build/robotique_autonome_be/CMakeFiles/CMakeTmp »
Makefile:126 : la recette pour la cible « cmTC_9975f/fast » a échouée
make: *** [cmTC_9975f/fast] Erreur 2

File /home/damien/SIR/ros-ws/build/robotique_autonome_be/CMakeFiles/CMakeTmp/CheckSymbolExists.c:
/* */
#include <pthread.h>

int main(int argc, char** argv)
{
  (void)argv;
#ifndef pthread_create
  return ((int*)(&pthread_create))[argc];
#else
  (void)argc;
  return 0;
#endif
}

Determining if the function pthread_create exists in the pthreads failed with the following output:
Change Dir: /home/damien/SIR/ros-ws/build/robotique_autonome_be/CMakeFiles/CMakeTmp

Run Build Command:"/usr/bin/make" "cmTC_e2114/fast"
/usr/bin/make -f CMakeFiles/cmTC_e2114.dir/build.make CMakeFiles/cmTC_e2114.dir/build
make[1] : on entre dans le répertoire « /home/damien/SIR/ros-ws/build/robotique_autonome_be/CMakeFiles/CMakeTmp »
Building C object CMakeFiles/cmTC_e2114.dir/CheckFunctionExists.c.o
/usr/bin/cc    -DCHECK_FUNCTION_EXISTS=pthread_create   -o CMakeFiles/cmTC_e2114.dir/CheckFunctionExists.c.o   -c /usr/share/cmake-3.5/Modules/CheckFunctionExists.c
Linking C executable cmTC_e2114
/usr/bin/cmake -E cmake_link_script CMakeFiles/cmTC_e2114.dir/link.txt --verbose=1
/usr/bin/cc   -DCHECK_FUNCTION_EXISTS=pthread_create    CMakeFiles/cmTC_e2114.dir/CheckFunctionExists.c.o  -o cmTC_e2114 -rdynamic -lpthreads 
/usr/bin/ld : ne peut trouver -lpthreads
collect2: error: ld returned 1 exit status
CMakeFiles/cmTC_e2114.dir/build.make:97 : la recette pour la cible « cmTC_e2114 » a échouée
make[1]: *** [cmTC_e2114] Erreur 1
make[1] : on quitte le répertoire « /home/damien/SIR/ros-ws/build/robotique_autonome_be/CMakeFiles/CMakeTmp »
Makefile:126 : la recette pour la cible « cmTC_e2114/fast » a échouée
make: *** [cmTC_e2114/fast] Erreur 2


