Linked: (/home/damien/SIR/ros-ws/devel/.private/axis_camera/share/axis_camera/cmake/axis_camera-msg-paths.cmake, /home/damien/SIR/ros-ws/devel/share/axis_camera/cmake/axis_camera-msg-paths.cmake)
Linked: (/home/damien/SIR/ros-ws/devel/.private/axis_camera/share/axis_camera/cmake/axis_cameraConfig-version.cmake, /home/damien/SIR/ros-ws/devel/share/axis_camera/cmake/axis_cameraConfig-version.cmake)
Linked: (/home/damien/SIR/ros-ws/devel/.private/axis_camera/share/axis_camera/cmake/axis_camera-msg-extras.cmake, /home/damien/SIR/ros-ws/devel/share/axis_camera/cmake/axis_camera-msg-extras.cmake)
Linked: (/home/damien/SIR/ros-ws/devel/.private/axis_camera/share/axis_camera/cmake/axis_cameraConfig.cmake, /home/damien/SIR/ros-ws/devel/share/axis_camera/cmake/axis_cameraConfig.cmake)
Linked: (/home/damien/SIR/ros-ws/devel/.private/axis_camera/share/axis_camera/docs/PTZConfig.wikidoc, /home/damien/SIR/ros-ws/devel/share/axis_camera/docs/PTZConfig.wikidoc)
Linked: (/home/damien/SIR/ros-ws/devel/.private/axis_camera/share/axis_camera/docs/PTZConfig.dox, /home/damien/SIR/ros-ws/devel/share/axis_camera/docs/PTZConfig.dox)
Linked: (/home/damien/SIR/ros-ws/devel/.private/axis_camera/share/axis_camera/docs/PTZConfig-usage.dox, /home/damien/SIR/ros-ws/devel/share/axis_camera/docs/PTZConfig-usage.dox)
Linked: (/home/damien/SIR/ros-ws/devel/.private/axis_camera/share/gennodejs/ros/axis_camera/_index.js, /home/damien/SIR/ros-ws/devel/share/gennodejs/ros/axis_camera/_index.js)
Linked: (/home/damien/SIR/ros-ws/devel/.private/axis_camera/share/gennodejs/ros/axis_camera/msg/Axis.js, /home/damien/SIR/ros-ws/devel/share/gennodejs/ros/axis_camera/msg/Axis.js)
Linked: (/home/damien/SIR/ros-ws/devel/.private/axis_camera/share/gennodejs/ros/axis_camera/msg/_index.js, /home/damien/SIR/ros-ws/devel/share/gennodejs/ros/axis_camera/msg/_index.js)
Linked: (/home/damien/SIR/ros-ws/devel/.private/axis_camera/share/common-lisp/ros/axis_camera/msg/_package.lisp, /home/damien/SIR/ros-ws/devel/share/common-lisp/ros/axis_camera/msg/_package.lisp)
Linked: (/home/damien/SIR/ros-ws/devel/.private/axis_camera/share/common-lisp/ros/axis_camera/msg/Axis.lisp, /home/damien/SIR/ros-ws/devel/share/common-lisp/ros/axis_camera/msg/Axis.lisp)
Linked: (/home/damien/SIR/ros-ws/devel/.private/axis_camera/share/common-lisp/ros/axis_camera/msg/axis_camera-msg.asd, /home/damien/SIR/ros-ws/devel/share/common-lisp/ros/axis_camera/msg/axis_camera-msg.asd)
Linked: (/home/damien/SIR/ros-ws/devel/.private/axis_camera/share/common-lisp/ros/axis_camera/msg/_package_Axis.lisp, /home/damien/SIR/ros-ws/devel/share/common-lisp/ros/axis_camera/msg/_package_Axis.lisp)
Linked: (/home/damien/SIR/ros-ws/devel/.private/axis_camera/share/roseus/ros/axis_camera/manifest.l, /home/damien/SIR/ros-ws/devel/share/roseus/ros/axis_camera/manifest.l)
Linked: (/home/damien/SIR/ros-ws/devel/.private/axis_camera/share/roseus/ros/axis_camera/msg/Axis.l, /home/damien/SIR/ros-ws/devel/share/roseus/ros/axis_camera/msg/Axis.l)
Linked: (/home/damien/SIR/ros-ws/devel/.private/axis_camera/lib/pkgconfig/axis_camera.pc, /home/damien/SIR/ros-ws/devel/lib/pkgconfig/axis_camera.pc)
Linked: (/home/damien/SIR/ros-ws/devel/.private/axis_camera/lib/python2.7/dist-packages/axis_camera/__init__.py, /home/damien/SIR/ros-ws/devel/lib/python2.7/dist-packages/axis_camera/__init__.py)
Linked: (/home/damien/SIR/ros-ws/devel/.private/axis_camera/lib/python2.7/dist-packages/axis_camera/msg/_Axis.py, /home/damien/SIR/ros-ws/devel/lib/python2.7/dist-packages/axis_camera/msg/_Axis.py)
Linked: (/home/damien/SIR/ros-ws/devel/.private/axis_camera/lib/python2.7/dist-packages/axis_camera/msg/__init__.py, /home/damien/SIR/ros-ws/devel/lib/python2.7/dist-packages/axis_camera/msg/__init__.py)
Linked: (/home/damien/SIR/ros-ws/devel/.private/axis_camera/lib/python2.7/dist-packages/axis_camera/cfg/__init__.py, /home/damien/SIR/ros-ws/devel/lib/python2.7/dist-packages/axis_camera/cfg/__init__.py)
Linked: (/home/damien/SIR/ros-ws/devel/.private/axis_camera/lib/python2.7/dist-packages/axis_camera/cfg/PTZConfig.py, /home/damien/SIR/ros-ws/devel/lib/python2.7/dist-packages/axis_camera/cfg/PTZConfig.py)
Linked: (/home/damien/SIR/ros-ws/devel/.private/axis_camera/include/axis_camera/Axis.h, /home/damien/SIR/ros-ws/devel/include/axis_camera/Axis.h)
Linked: (/home/damien/SIR/ros-ws/devel/.private/axis_camera/include/axis_camera/PTZConfig.h, /home/damien/SIR/ros-ws/devel/include/axis_camera/PTZConfig.h)
