Determining if the pthread_create exist failed with the following output:
Change Dir: /home/damien/SIR/ros-ws/build/beginner_tutorials/CMakeFiles/CMakeTmp

Run Build Command:"/usr/bin/make" "cmTC_76c7d/fast"
/usr/bin/make -f CMakeFiles/cmTC_76c7d.dir/build.make CMakeFiles/cmTC_76c7d.dir/build
make[1] : on entre dans le répertoire « /home/damien/SIR/ros-ws/build/beginner_tutorials/CMakeFiles/CMakeTmp »
Building C object CMakeFiles/cmTC_76c7d.dir/CheckSymbolExists.c.o
/usr/bin/cc     -o CMakeFiles/cmTC_76c7d.dir/CheckSymbolExists.c.o   -c /home/damien/SIR/ros-ws/build/beginner_tutorials/CMakeFiles/CMakeTmp/CheckSymbolExists.c
Linking C executable cmTC_76c7d
/usr/bin/cmake -E cmake_link_script CMakeFiles/cmTC_76c7d.dir/link.txt --verbose=1
/usr/bin/cc       CMakeFiles/cmTC_76c7d.dir/CheckSymbolExists.c.o  -o cmTC_76c7d -rdynamic 
CMakeFiles/cmTC_76c7d.dir/CheckSymbolExists.c.o : Dans la fonction « main » :
CheckSymbolExists.c:(.text+0x16) : référence indéfinie vers « pthread_create »
collect2: error: ld returned 1 exit status
CMakeFiles/cmTC_76c7d.dir/build.make:97 : la recette pour la cible « cmTC_76c7d » a échouée
make[1]: *** [cmTC_76c7d] Erreur 1
make[1] : on quitte le répertoire « /home/damien/SIR/ros-ws/build/beginner_tutorials/CMakeFiles/CMakeTmp »
Makefile:126 : la recette pour la cible « cmTC_76c7d/fast » a échouée
make: *** [cmTC_76c7d/fast] Erreur 2

File /home/damien/SIR/ros-ws/build/beginner_tutorials/CMakeFiles/CMakeTmp/CheckSymbolExists.c:
/* */
#include <pthread.h>

int main(int argc, char** argv)
{
  (void)argv;
#ifndef pthread_create
  return ((int*)(&pthread_create))[argc];
#else
  (void)argc;
  return 0;
#endif
}

Determining if the function pthread_create exists in the pthreads failed with the following output:
Change Dir: /home/damien/SIR/ros-ws/build/beginner_tutorials/CMakeFiles/CMakeTmp

Run Build Command:"/usr/bin/make" "cmTC_1914a/fast"
/usr/bin/make -f CMakeFiles/cmTC_1914a.dir/build.make CMakeFiles/cmTC_1914a.dir/build
make[1] : on entre dans le répertoire « /home/damien/SIR/ros-ws/build/beginner_tutorials/CMakeFiles/CMakeTmp »
Building C object CMakeFiles/cmTC_1914a.dir/CheckFunctionExists.c.o
/usr/bin/cc    -DCHECK_FUNCTION_EXISTS=pthread_create   -o CMakeFiles/cmTC_1914a.dir/CheckFunctionExists.c.o   -c /usr/share/cmake-3.5/Modules/CheckFunctionExists.c
Linking C executable cmTC_1914a
/usr/bin/cmake -E cmake_link_script CMakeFiles/cmTC_1914a.dir/link.txt --verbose=1
/usr/bin/cc   -DCHECK_FUNCTION_EXISTS=pthread_create    CMakeFiles/cmTC_1914a.dir/CheckFunctionExists.c.o  -o cmTC_1914a -rdynamic -lpthreads 
/usr/bin/ld : ne peut trouver -lpthreads
collect2: error: ld returned 1 exit status
CMakeFiles/cmTC_1914a.dir/build.make:97 : la recette pour la cible « cmTC_1914a » a échouée
make[1]: *** [cmTC_1914a] Erreur 1
make[1] : on quitte le répertoire « /home/damien/SIR/ros-ws/build/beginner_tutorials/CMakeFiles/CMakeTmp »
Makefile:126 : la recette pour la cible « cmTC_1914a/fast » a échouée
make: *** [cmTC_1914a/fast] Erreur 2


